#
# There is insufficient memory for the Java Runtime Environment to continue.
# Native memory allocation (mmap) failed to map 65536 bytes for Failed to commit metaspace.
# Possible reasons:
#   The system is out of physical RAM or swap space
#   The process is running with CompressedOops enabled, and the Java Heap may be blocking the growth of the native heap
# Possible solutions:
#   Reduce memory load on the system
#   Increase physical memory or swap space
#   Check if swap backing store is full
#   Decrease Java heap size (-Xmx/-Xms)
#   Decrease number of Java threads
#   Decrease Java thread stack sizes (-Xss)
#   Set larger code cache with -XX:ReservedCodeCacheSize=
#   JVM is running with Unscaled Compressed Oops mode in which the Java heap is
#     placed in the first 4GB address space. The Java Heap base address is the
#     maximum limit for the native heap growth. Please use -XX:HeapBaseMinAddress
#     to set the Java Heap base and to place the Java Heap above 4GB virtual address.
# This output file may be truncated or incomplete.
#
#  Out of Memory Error (virtualSpaceNode.cpp:110), pid=21332, tid=6428
#
# JRE version: Java(TM) SE Runtime Environment (19.0.2+7) (build 19.0.2+7-44)
# Java VM: Java HotSpot(TM) 64-Bit Server VM (19.0.2+7-44, mixed mode, sharing, tiered, compressed oops, compressed class ptrs, g1 gc, windows-amd64)
# No core dump will be written. Minidumps are not enabled by default on client versions of Windows
#

---------------  S U M M A R Y ------------

Command Line: -Dfile.encoding=UTF-8 -XX:+ShowCodeDetailsInExceptionMessages icons.project

Host: AMD Ryzen 5 5500U with Radeon Graphics         , 12 cores, 7G,  Windows 11 , 64 bit Build 22621 (10.0.22621.3958)
Time: Sat Oct 12 12:43:11 2024 India Standard Time elapsed time: 0.195474 seconds (0d 0h 0m 0s)

---------------  T H R E A D  ---------------

Current thread (0x0000017ae0f6e220):  JavaThread "main" [_thread_in_vm, id=6428, stack(0x0000004848c00000,0x0000004848d00000)]

Stack: [0x0000004848c00000,0x0000004848d00000]
Native frames: (J=compiled Java code, j=interpreted, Vv=VM code, C=native code)
V  [jvm.dll+0x6ee21a]
V  [jvm.dll+0x85765e]
V  [jvm.dll+0x85904e]
V  [jvm.dll+0x859703]
V  [jvm.dll+0x28298f]
V  [jvm.dll+0x8532db]
V  [jvm.dll+0x692cb6]
V  [jvm.dll+0x692d1a]
V  [jvm.dll+0x695613]
V  [jvm.dll+0x6954de]
V  [jvm.dll+0x6936de]
V  [jvm.dll+0x3c4eaf]
V  [jvm.dll+0x2161bb]
V  [jvm.dll+0x5a9ce0]
V  [jvm.dll+0x2257aa]
V  [jvm.dll+0x7cc802]
V  [jvm.dll+0x7cdc4a]
V  [jvm.dll+0x7cdf78]
V  [jvm.dll+0x271e1b]
V  [jvm.dll+0x3da25e]
C  0x0000017af042d31d

Java frames: (J=compiled Java code, j=interpreted, Vv=VM code)
j  sun.awt.windows.WToolkit.<init>()V+55 java.desktop@19.0.2
j  sun.awt.PlatformGraphicsInfo.createToolkit()Ljava/awt/Toolkit;+4 java.desktop@19.0.2
j  java.awt.Toolkit.getDefaultToolkit()Ljava/awt/Toolkit;+6 java.desktop@19.0.2
j  sun.java2d.d3d.D3DGraphicsDevice.<clinit>()V+0 java.desktop@19.0.2
v  ~StubRoutines::call_stub 0x0000017af040100e
j  sun.awt.Win32GraphicsEnvironment.makeScreenDevice(I)Ljava/awt/GraphicsDevice;+9 java.desktop@19.0.2
j  sun.java2d.SunGraphicsEnvironment.getScreenDevices()[Ljava/awt/GraphicsDevice;+30 java.desktop@19.0.2
j  sun.awt.Win32GraphicsEnvironment.getDefaultScreenDevice()Ljava/awt/GraphicsDevice;+1 java.desktop@19.0.2
j  java.awt.Window.initGC(Ljava/awt/GraphicsConfiguration;)Ljava/awt/GraphicsConfiguration;+10 java.desktop@19.0.2
j  java.awt.Window.init(Ljava/awt/GraphicsConfiguration;)V+45 java.desktop@19.0.2
j  java.awt.Window.<init>()V+114 java.desktop@19.0.2
j  java.awt.Frame.<init>(Ljava/lang/String;)V+1 java.desktop@19.0.2
j  java.awt.Frame.<init>()V+3 java.desktop@19.0.2
j  javax.swing.JFrame.<init>()V+1 java.desktop@19.0.2
j  icons.project.<init>()V+1
j  icons.project.main([Ljava/lang/String;)V+3
v  ~StubRoutines::call_stub 0x0000017af040100e

---------------  P R O C E S S  ---------------

Threads class SMR info:
_java_thread_list=0x0000017aff8f4870, length=12, elements={
0x0000017ae0f6e220, 0x0000017aff68c5b0, 0x0000017aff68edc0, 0x0000017aff693d50,
0x0000017aff6b52b0, 0x0000017aff6b6810, 0x0000017aff6b6d50, 0x0000017aff6c0ee0,
0x0000017aff6c4c50, 0x0000017aff6cf470, 0x0000017aff8f5ad0, 0x0000017aff8fd4d0
}

Java Threads: ( => current thread )
=>0x0000017ae0f6e220 JavaThread "main" [_thread_in_vm, id=6428, stack(0x0000004848c00000,0x0000004848d00000)]
  0x0000017aff68c5b0 JavaThread "Reference Handler" daemon [_thread_blocked, id=1612, stack(0x0000004849300000,0x0000004849400000)]
  0x0000017aff68edc0 JavaThread "Finalizer" daemon [_thread_blocked, id=17200, stack(0x0000004849400000,0x0000004849500000)]
  0x0000017aff693d50 JavaThread "Signal Dispatcher" daemon [_thread_blocked, id=15816, stack(0x0000004849500000,0x0000004849600000)]
  0x0000017aff6b52b0 JavaThread "Attach Listener" daemon [_thread_blocked, id=11356, stack(0x0000004849600000,0x0000004849700000)]
  0x0000017aff6b6810 JavaThread "Service Thread" daemon [_thread_blocked, id=29356, stack(0x0000004849700000,0x0000004849800000)]
  0x0000017aff6b6d50 JavaThread "Monitor Deflation Thread" daemon [_thread_blocked, id=13048, stack(0x0000004849800000,0x0000004849900000)]
  0x0000017aff6c0ee0 JavaThread "C2 CompilerThread0" daemon [_thread_blocked, id=35480, stack(0x0000004849900000,0x0000004849a00000)]
  0x0000017aff6c4c50 JavaThread "C1 CompilerThread0" daemon [_thread_blocked, id=23960, stack(0x0000004849a00000,0x0000004849b00000)]
  0x0000017aff6cf470 JavaThread "Sweeper thread" daemon [_thread_blocked, id=31408, stack(0x0000004849b00000,0x0000004849c00000)]
  0x0000017aff8f5ad0 JavaThread "Notification Thread" daemon [_thread_blocked, id=24224, stack(0x0000004849c00000,0x0000004849d00000)]
  0x0000017aff8fd4d0 JavaThread "Common-Cleaner" daemon [_thread_blocked, id=26752, stack(0x0000004849e00000,0x0000004849f00000)]

Other Threads:
  0x0000017aff671070 VMThread "VM Thread" [stack: 0x0000004849200000,0x0000004849300000] [id=22040]
  0x0000017aff8f8c50 WatcherThread "VM Periodic Task Thread" [stack: 0x0000004849d00000,0x0000004849e00000] [id=29608]
  0x0000017ae0fcc0a0 WorkerThread "GC Thread#0" [stack: 0x0000004848d00000,0x0000004848e00000] [id=32572]
  0x0000017ae0fdbbc0 ConcurrentGCThread "G1 Main Marker" [stack: 0x0000004848e00000,0x0000004848f00000] [id=32300]
  0x0000017ae0fdc790 WorkerThread "G1 Conc#0" [stack: 0x0000004848f00000,0x0000004849000000] [id=34504]
  0x0000017ae102e910 ConcurrentGCThread "G1 Refine#0" [stack: 0x0000004849000000,0x0000004849100000] [id=12304]
  0x0000017aff52a280 ConcurrentGCThread "G1 Service" [stack: 0x0000004849100000,0x0000004849200000] [id=21848]

Threads with active compile tasks:

VM state: not at safepoint (normal execution)

VM Mutex/Monitor currently owned by a thread:  ([mutex/lock_event])
[0x0000017ae0f66fb0] Metaspace_lock - owner thread: 0x0000017ae0f6e220

Heap address: 0x000000008a200000, size: 1886 MB, Compressed Oops mode: 32-bit

CDS archive(s) mapped at: [0x0000000800000000-0x0000000800c40000-0x0000000800c40000), size 12845056, SharedBaseAddress: 0x0000000800000000, ArchiveRelocationMode: 0.
Compressed class space mapped at: 0x0000000801000000-0x0000000841000000, reserved size: 1073741824
Narrow klass base: 0x0000000800000000, Narrow klass shift: 0, Narrow klass range: 0x100000000

GC Precious Log:
 CardTable entry size: 512
 Card Set container configuration: InlinePtr #cards 5 size 8 Array Of Cards #cards 12 size 40 Howl #buckets 4 coarsen threshold 1843 Howl Bitmap #cards 512 size 80 coarsen threshold 460 Card regions per heap region 1 cards per card region 2048
 CPUs: 12 total, 12 available
 Memory: 7541M
 Large Page Support: Disabled
 NUMA Support: Disabled
 Compressed Oops: Enabled (32-bit)
 Heap Region Size: 1M
 Heap Min Capacity: 8M
 Heap Initial Capacity: 118M
 Heap Max Capacity: 1886M
 Pre-touch: Disabled
 Parallel Workers: 10
 Concurrent Workers: 3
 Concurrent Refinement Workers: 10
 Periodic GC: Disabled

Heap:
 garbage-first heap   total 120832K, used 2048K [0x000000008a200000, 0x0000000100000000)
  region size 1024K, 3 young (3072K), 0 survivors (0K)
 Metaspace       used 2386K, committed 2560K, reserved 1114112K
  class space    used 211K, committed 256K, reserved 1048576K

Heap Regions: E=young(eden), S=young(survivor), O=old, HS=humongous(starts), HC=humongous(continues), CS=collection set, F=free, OA=open archive, CA=closed archive, TAMS=top-at-mark-start (previous, next)
|   0|0x000000008a200000, 0x000000008a200000, 0x000000008a300000|  0%| F|  |TAMS 0x000000008a200000, 0x000000008a200000| Untracked 
|   1|0x000000008a300000, 0x000000008a300000, 0x000000008a400000|  0%| F|  |TAMS 0x000000008a300000, 0x000000008a300000| Untracked 
|   2|0x000000008a400000, 0x000000008a400000, 0x000000008a500000|  0%| F|  |TAMS 0x000000008a400000, 0x000000008a400000| Untracked 
|   3|0x000000008a500000, 0x000000008a500000, 0x000000008a600000|  0%| F|  |TAMS 0x000000008a500000, 0x000000008a500000| Untracked 
|   4|0x000000008a600000, 0x000000008a600000, 0x000000008a700000|  0%| F|  |TAMS 0x000000008a600000, 0x000000008a600000| Untracked 
|   5|0x000000008a700000, 0x000000008a700000, 0x000000008a800000|  0%| F|  |TAMS 0x000000008a700000, 0x000000008a700000| Untracked 
|   6|0x000000008a800000, 0x000000008a800000, 0x000000008a900000|  0%| F|  |TAMS 0x000000008a800000, 0x000000008a800000| Untracked 
|   7|0x000000008a900000, 0x000000008a900000, 0x000000008aa00000|  0%| F|  |TAMS 0x000000008a900000, 0x000000008a900000| Untracked 
|   8|0x000000008aa00000, 0x000000008aa00000, 0x000000008ab00000|  0%| F|  |TAMS 0x000000008aa00000, 0x000000008aa00000| Untracked 
|   9|0x000000008ab00000, 0x000000008ab00000, 0x000000008ac00000|  0%| F|  |TAMS 0x000000008ab00000, 0x000000008ab00000| Untracked 
|  10|0x000000008ac00000, 0x000000008ac00000, 0x000000008ad00000|  0%| F|  |TAMS 0x000000008ac00000, 0x000000008ac00000| Untracked 
|  11|0x000000008ad00000, 0x000000008ad00000, 0x000000008ae00000|  0%| F|  |TAMS 0x000000008ad00000, 0x000000008ad00000| Untracked 
|  12|0x000000008ae00000, 0x000000008ae00000, 0x000000008af00000|  0%| F|  |TAMS 0x000000008ae00000, 0x000000008ae00000| Untracked 
|  13|0x000000008af00000, 0x000000008af00000, 0x000000008b000000|  0%| F|  |TAMS 0x000000008af00000, 0x000000008af00000| Untracked 
|  14|0x000000008b000000, 0x000000008b000000, 0x000000008b100000|  0%| F|  |TAMS 0x000000008b000000, 0x000000008b000000| Untracked 
|  15|0x000000008b100000, 0x000000008b100000, 0x000000008b200000|  0%| F|  |TAMS 0x000000008b100000, 0x000000008b100000| Untracked 
|  16|0x000000008b200000, 0x000000008b200000, 0x000000008b300000|  0%| F|  |TAMS 0x000000008b200000, 0x000000008b200000| Untracked 
|  17|0x000000008b300000, 0x000000008b300000, 0x000000008b400000|  0%| F|  |TAMS 0x000000008b300000, 0x000000008b300000| Untracked 
|  18|0x000000008b400000, 0x000000008b400000, 0x000000008b500000|  0%| F|  |TAMS 0x000000008b400000, 0x000000008b400000| Untracked 
|  19|0x000000008b500000, 0x000000008b500000, 0x000000008b600000|  0%| F|  |TAMS 0x000000008b500000, 0x000000008b500000| Untracked 
|  20|0x000000008b600000, 0x000000008b600000, 0x000000008b700000|  0%| F|  |TAMS 0x000000008b600000, 0x000000008b600000| Untracked 
|  21|0x000000008b700000, 0x000000008b700000, 0x000000008b800000|  0%| F|  |TAMS 0x000000008b700000, 0x000000008b700000| Untracked 
|  22|0x000000008b800000, 0x000000008b800000, 0x000000008b900000|  0%| F|  |TAMS 0x000000008b800000, 0x000000008b800000| Untracked 
|  23|0x000000008b900000, 0x000000008b900000, 0x000000008ba00000|  0%| F|  |TAMS 0x000000008b900000, 0x000000008b900000| Untracked 
|  24|0x000000008ba00000, 0x000000008ba00000, 0x000000008bb00000|  0%| F|  |TAMS 0x000000008ba00000, 0x000000008ba00000| Untracked 
|  25|0x000000008bb00000, 0x000000008bb00000, 0x000000008bc00000|  0%| F|  |TAMS 0x000000008bb00000, 0x000000008bb00000| Untracked 
|  26|0x000000008bc00000, 0x000000008bc00000, 0x000000008bd00000|  0%| F|  |TAMS 0x000000008bc00000, 0x000000008bc00000| Untracked 
|  27|0x000000008bd00000, 0x000000008bd00000, 0x000000008be00000|  0%| F|  |TAMS 0x000000008bd00000, 0x000000008bd00000| Untracked 
|  28|0x000000008be00000, 0x000000008be00000, 0x000000008bf00000|  0%| F|  |TAMS 0x000000008be00000, 0x000000008be00000| Untracked 
|  29|0x000000008bf00000, 0x000000008bf00000, 0x000000008c000000|  0%| F|  |TAMS 0x000000008bf00000, 0x000000008bf00000| Untracked 
|  30|0x000000008c000000, 0x000000008c000000, 0x000000008c100000|  0%| F|  |TAMS 0x000000008c000000, 0x000000008c000000| Untracked 
|  31|0x000000008c100000, 0x000000008c100000, 0x000000008c200000|  0%| F|  |TAMS 0x000000008c100000, 0x000000008c100000| Untracked 
|  32|0x000000008c200000, 0x000000008c200000, 0x000000008c300000|  0%| F|  |TAMS 0x000000008c200000, 0x000000008c200000| Untracked 
|  33|0x000000008c300000, 0x000000008c300000, 0x000000008c400000|  0%| F|  |TAMS 0x000000008c300000, 0x000000008c300000| Untracked 
|  34|0x000000008c400000, 0x000000008c400000, 0x000000008c500000|  0%| F|  |TAMS 0x000000008c400000, 0x000000008c400000| Untracked 
|  35|0x000000008c500000, 0x000000008c500000, 0x000000008c600000|  0%| F|  |TAMS 0x000000008c500000, 0x000000008c500000| Untracked 
|  36|0x000000008c600000, 0x000000008c600000, 0x000000008c700000|  0%| F|  |TAMS 0x000000008c600000, 0x000000008c600000| Untracked 
|  37|0x000000008c700000, 0x000000008c700000, 0x000000008c800000|  0%| F|  |TAMS 0x000000008c700000, 0x000000008c700000| Untracked 
|  38|0x000000008c800000, 0x000000008c800000, 0x000000008c900000|  0%| F|  |TAMS 0x000000008c800000, 0x000000008c800000| Untracked 
|  39|0x000000008c900000, 0x000000008c900000, 0x000000008ca00000|  0%| F|  |TAMS 0x000000008c900000, 0x000000008c900000| Untracked 
|  40|0x000000008ca00000, 0x000000008ca00000, 0x000000008cb00000|  0%| F|  |TAMS 0x000000008ca00000, 0x000000008ca00000| Untracked 
|  41|0x000000008cb00000, 0x000000008cb00000, 0x000000008cc00000|  0%| F|  |TAMS 0x000000008cb00000, 0x000000008cb00000| Untracked 
|  42|0x000000008cc00000, 0x000000008cc00000, 0x000000008cd00000|  0%| F|  |TAMS 0x000000008cc00000, 0x000000008cc00000| Untracked 
|  43|0x000000008cd00000, 0x000000008cd00000, 0x000000008ce00000|  0%| F|  |TAMS 0x000000008cd00000, 0x000000008cd00000| Untracked 
|  44|0x000000008ce00000, 0x000000008ce00000, 0x000000008cf00000|  0%| F|  |TAMS 0x000000008ce00000, 0x000000008ce00000| Untracked 
|  45|0x000000008cf00000, 0x000000008cf00000, 0x000000008d000000|  0%| F|  |TAMS 0x000000008cf00000, 0x000000008cf00000| Untracked 
|  46|0x000000008d000000, 0x000000008d000000, 0x000000008d100000|  0%| F|  |TAMS 0x000000008d000000, 0x000000008d000000| Untracked 
|  47|0x000000008d100000, 0x000000008d100000, 0x000000008d200000|  0%| F|  |TAMS 0x000000008d100000, 0x000000008d100000| Untracked 
|  48|0x000000008d200000, 0x000000008d200000, 0x000000008d300000|  0%| F|  |TAMS 0x000000008d200000, 0x000000008d200000| Untracked 
|  49|0x000000008d300000, 0x000000008d300000, 0x000000008d400000|  0%| F|  |TAMS 0x000000008d300000, 0x000000008d300000| Untracked 
|  50|0x000000008d400000, 0x000000008d400000, 0x000000008d500000|  0%| F|  |TAMS 0x000000008d400000, 0x000000008d400000| Untracked 
|  51|0x000000008d500000, 0x000000008d500000, 0x000000008d600000|  0%| F|  |TAMS 0x000000008d500000, 0x000000008d500000| Untracked 
|  52|0x000000008d600000, 0x000000008d600000, 0x000000008d700000|  0%| F|  |TAMS 0x000000008d600000, 0x000000008d600000| Untracked 
|  53|0x000000008d700000, 0x000000008d700000, 0x000000008d800000|  0%| F|  |TAMS 0x000000008d700000, 0x000000008d700000| Untracked 
|  54|0x000000008d800000, 0x000000008d800000, 0x000000008d900000|  0%| F|  |TAMS 0x000000008d800000, 0x000000008d800000| Untracked 
|  55|0x000000008d900000, 0x000000008d900000, 0x000000008da00000|  0%| F|  |TAMS 0x000000008d900000, 0x000000008d900000| Untracked 
|  56|0x000000008da00000, 0x000000008da00000, 0x000000008db00000|  0%| F|  |TAMS 0x000000008da00000, 0x000000008da00000| Untracked 
|  57|0x000000008db00000, 0x000000008db00000, 0x000000008dc00000|  0%| F|  |TAMS 0x000000008db00000, 0x000000008db00000| Untracked 
|  58|0x000000008dc00000, 0x000000008dc00000, 0x000000008dd00000|  0%| F|  |TAMS 0x000000008dc00000, 0x000000008dc00000| Untracked 
|  59|0x000000008dd00000, 0x000000008dd00000, 0x000000008de00000|  0%| F|  |TAMS 0x000000008dd00000, 0x000000008dd00000| Untracked 
|  60|0x000000008de00000, 0x000000008de00000, 0x000000008df00000|  0%| F|  |TAMS 0x000000008de00000, 0x000000008de00000| Untracked 
|  61|0x000000008df00000, 0x000000008df00000, 0x000000008e000000|  0%| F|  |TAMS 0x000000008df00000, 0x000000008df00000| Untracked 
|  62|0x000000008e000000, 0x000000008e000000, 0x000000008e100000|  0%| F|  |TAMS 0x000000008e000000, 0x000000008e000000| Untracked 
|  63|0x000000008e100000, 0x000000008e100000, 0x000000008e200000|  0%| F|  |TAMS 0x000000008e100000, 0x000000008e100000| Untracked 
|  64|0x000000008e200000, 0x000000008e200000, 0x000000008e300000|  0%| F|  |TAMS 0x000000008e200000, 0x000000008e200000| Untracked 
|  65|0x000000008e300000, 0x000000008e300000, 0x000000008e400000|  0%| F|  |TAMS 0x000000008e300000, 0x000000008e300000| Untracked 
|  66|0x000000008e400000, 0x000000008e400000, 0x000000008e500000|  0%| F|  |TAMS 0x000000008e400000, 0x000000008e400000| Untracked 
|  67|0x000000008e500000, 0x000000008e500000, 0x000000008e600000|  0%| F|  |TAMS 0x000000008e500000, 0x000000008e500000| Untracked 
|  68|0x000000008e600000, 0x000000008e600000, 0x000000008e700000|  0%| F|  |TAMS 0x000000008e600000, 0x000000008e600000| Untracked 
|  69|0x000000008e700000, 0x000000008e700000, 0x000000008e800000|  0%| F|  |TAMS 0x000000008e700000, 0x000000008e700000| Untracked 
|  70|0x000000008e800000, 0x000000008e800000, 0x000000008e900000|  0%| F|  |TAMS 0x000000008e800000, 0x000000008e800000| Untracked 
|  71|0x000000008e900000, 0x000000008e900000, 0x000000008ea00000|  0%| F|  |TAMS 0x000000008e900000, 0x000000008e900000| Untracked 
|  72|0x000000008ea00000, 0x000000008ea00000, 0x000000008eb00000|  0%| F|  |TAMS 0x000000008ea00000, 0x000000008ea00000| Untracked 
|  73|0x000000008eb00000, 0x000000008eb00000, 0x000000008ec00000|  0%| F|  |TAMS 0x000000008eb00000, 0x000000008eb00000| Untracked 
|  74|0x000000008ec00000, 0x000000008ec00000, 0x000000008ed00000|  0%| F|  |TAMS 0x000000008ec00000, 0x000000008ec00000| Untracked 
|  75|0x000000008ed00000, 0x000000008ed00000, 0x000000008ee00000|  0%| F|  |TAMS 0x000000008ed00000, 0x000000008ed00000| Untracked 
|  76|0x000000008ee00000, 0x000000008ee00000, 0x000000008ef00000|  0%| F|  |TAMS 0x000000008ee00000, 0x000000008ee00000| Untracked 
|  77|0x000000008ef00000, 0x000000008ef00000, 0x000000008f000000|  0%| F|  |TAMS 0x000000008ef00000, 0x000000008ef00000| Untracked 
|  78|0x000000008f000000, 0x000000008f000000, 0x000000008f100000|  0%| F|  |TAMS 0x000000008f000000, 0x000000008f000000| Untracked 
|  79|0x000000008f100000, 0x000000008f100000, 0x000000008f200000|  0%| F|  |TAMS 0x000000008f100000, 0x000000008f100000| Untracked 
|  80|0x000000008f200000, 0x000000008f200000, 0x000000008f300000|  0%| F|  |TAMS 0x000000008f200000, 0x000000008f200000| Untracked 
|  81|0x000000008f300000, 0x000000008f300000, 0x000000008f400000|  0%| F|  |TAMS 0x000000008f300000, 0x000000008f300000| Untracked 
|  82|0x000000008f400000, 0x000000008f400000, 0x000000008f500000|  0%| F|  |TAMS 0x000000008f400000, 0x000000008f400000| Untracked 
|  83|0x000000008f500000, 0x000000008f500000, 0x000000008f600000|  0%| F|  |TAMS 0x000000008f500000, 0x000000008f500000| Untracked 
|  84|0x000000008f600000, 0x000000008f600000, 0x000000008f700000|  0%| F|  |TAMS 0x000000008f600000, 0x000000008f600000| Untracked 
|  85|0x000000008f700000, 0x000000008f700000, 0x000000008f800000|  0%| F|  |TAMS 0x000000008f700000, 0x000000008f700000| Untracked 
|  86|0x000000008f800000, 0x000000008f800000, 0x000000008f900000|  0%| F|  |TAMS 0x000000008f800000, 0x000000008f800000| Untracked 
|  87|0x000000008f900000, 0x000000008f900000, 0x000000008fa00000|  0%| F|  |TAMS 0x000000008f900000, 0x000000008f900000| Untracked 
|  88|0x000000008fa00000, 0x000000008fa00000, 0x000000008fb00000|  0%| F|  |TAMS 0x000000008fa00000, 0x000000008fa00000| Untracked 
|  89|0x000000008fb00000, 0x000000008fb00000, 0x000000008fc00000|  0%| F|  |TAMS 0x000000008fb00000, 0x000000008fb00000| Untracked 
|  90|0x000000008fc00000, 0x000000008fc00000, 0x000000008fd00000|  0%| F|  |TAMS 0x000000008fc00000, 0x000000008fc00000| Untracked 
|  91|0x000000008fd00000, 0x000000008fd00000, 0x000000008fe00000|  0%| F|  |TAMS 0x000000008fd00000, 0x000000008fd00000| Untracked 
|  92|0x000000008fe00000, 0x000000008fe00000, 0x000000008ff00000|  0%| F|  |TAMS 0x000000008fe00000, 0x000000008fe00000| Untracked 
|  93|0x000000008ff00000, 0x000000008ff00000, 0x0000000090000000|  0%| F|  |TAMS 0x000000008ff00000, 0x000000008ff00000| Untracked 
|  94|0x0000000090000000, 0x0000000090000000, 0x0000000090100000|  0%| F|  |TAMS 0x0000000090000000, 0x0000000090000000| Untracked 
|  95|0x0000000090100000, 0x0000000090100000, 0x0000000090200000|  0%| F|  |TAMS 0x0000000090100000, 0x0000000090100000| Untracked 
|  96|0x0000000090200000, 0x0000000090200000, 0x0000000090300000|  0%| F|  |TAMS 0x0000000090200000, 0x0000000090200000| Untracked 
|  97|0x0000000090300000, 0x0000000090300000, 0x0000000090400000|  0%| F|  |TAMS 0x0000000090300000, 0x0000000090300000| Untracked 
|  98|0x0000000090400000, 0x0000000090400000, 0x0000000090500000|  0%| F|  |TAMS 0x0000000090400000, 0x0000000090400000| Untracked 
|  99|0x0000000090500000, 0x0000000090500000, 0x0000000090600000|  0%| F|  |TAMS 0x0000000090500000, 0x0000000090500000| Untracked 
| 100|0x0000000090600000, 0x0000000090600000, 0x0000000090700000|  0%| F|  |TAMS 0x0000000090600000, 0x0000000090600000| Untracked 
| 101|0x0000000090700000, 0x0000000090700000, 0x0000000090800000|  0%| F|  |TAMS 0x0000000090700000, 0x0000000090700000| Untracked 
| 102|0x0000000090800000, 0x0000000090800000, 0x0000000090900000|  0%| F|  |TAMS 0x0000000090800000, 0x0000000090800000| Untracked 
| 103|0x0000000090900000, 0x0000000090900000, 0x0000000090a00000|  0%| F|  |TAMS 0x0000000090900000, 0x0000000090900000| Untracked 
| 104|0x0000000090a00000, 0x0000000090a00000, 0x0000000090b00000|  0%| F|  |TAMS 0x0000000090a00000, 0x0000000090a00000| Untracked 
| 105|0x0000000090b00000, 0x0000000090b00000, 0x0000000090c00000|  0%| F|  |TAMS 0x0000000090b00000, 0x0000000090b00000| Untracked 
| 106|0x0000000090c00000, 0x0000000090c00000, 0x0000000090d00000|  0%| F|  |TAMS 0x0000000090c00000, 0x0000000090c00000| Untracked 
| 107|0x0000000090d00000, 0x0000000090d00000, 0x0000000090e00000|  0%| F|  |TAMS 0x0000000090d00000, 0x0000000090d00000| Untracked 
| 108|0x0000000090e00000, 0x0000000090e00000, 0x0000000090f00000|  0%| F|  |TAMS 0x0000000090e00000, 0x0000000090e00000| Untracked 
| 109|0x0000000090f00000, 0x0000000090f00000, 0x0000000091000000|  0%| F|  |TAMS 0x0000000090f00000, 0x0000000090f00000| Untracked 
| 110|0x0000000091000000, 0x0000000091000000, 0x0000000091100000|  0%| F|  |TAMS 0x0000000091000000, 0x0000000091000000| Untracked 
| 111|0x0000000091100000, 0x0000000091100000, 0x0000000091200000|  0%| F|  |TAMS 0x0000000091100000, 0x0000000091100000| Untracked 
| 112|0x0000000091200000, 0x0000000091200000, 0x0000000091300000|  0%| F|  |TAMS 0x0000000091200000, 0x0000000091200000| Untracked 
| 113|0x0000000091300000, 0x0000000091300000, 0x0000000091400000|  0%| F|  |TAMS 0x0000000091300000, 0x0000000091300000| Untracked 
| 114|0x0000000091400000, 0x0000000091400000, 0x0000000091500000|  0%| F|  |TAMS 0x0000000091400000, 0x0000000091400000| Untracked 
| 115|0x0000000091500000, 0x00000000915ec080, 0x0000000091600000| 92%| E|  |TAMS 0x0000000091500000, 0x0000000091500000| Complete 
| 116|0x0000000091600000, 0x0000000091700000, 0x0000000091700000|100%| E|CS|TAMS 0x0000000091600000, 0x0000000091600000| Complete 
| 117|0x0000000091700000, 0x0000000091800000, 0x0000000091800000|100%| E|CS|TAMS 0x0000000091700000, 0x0000000091700000| Complete 

Card table byte_map: [0x0000017af87d0000,0x0000017af8b80000] _byte_map_base: 0x0000017af837f000

Marking Bits (Prev, Next): (CMBitMap*) 0x0000017ae0fcc6d0, (CMBitMap*) 0x0000017ae0fcc710
 Prev Bits: [0x0000017af8f30000, 0x0000017afaca8000)
 Next Bits: [0x0000017afacb0000, 0x0000017afca28000)

Polling page: 0x0000017adef70000

Metaspace:

Usage:
  Non-class:      2.12 MB used.
      Class:    211.81 KB used.
       Both:      2.33 MB used.

Virtual space:
  Non-class space:       64.00 MB reserved,       2.25 MB (  4%) committed,  1 nodes.
      Class space:        1.00 GB reserved,     256.00 KB ( <1%) committed,  1 nodes.
             Both:        1.06 GB reserved,       2.50 MB ( <1%) committed. 

Chunk freelists:
   Non-Class:  3.93 MB
       Class:  3.71 MB
        Both:  7.64 MB

MaxMetaspaceSize: unlimited
CompressedClassSpaceSize: 1.00 GB
Initial GC threshold: 21.00 MB
Current GC threshold: 21.00 MB
CDS: on
MetaspaceReclaimPolicy: balanced
 - commit_granule_bytes: 65536.
 - commit_granule_words: 8192.
 - virtual_space_node_default_size: 8388608.
 - enlarge_chunks_in_place: 1.
 - new_chunks_are_fully_committed: 0.
 - uncommit_free_chunks: 1.
 - use_allocation_guard: 0.


Internal statistics:

num_allocs_failed_limit: 0.
num_arena_births: 70.
num_arena_deaths: 0.
num_vsnodes_births: 2.
num_vsnodes_deaths: 0.
num_space_committed: 40.
num_space_uncommitted: 0.
num_chunks_returned_to_freelist: 0.
num_chunks_taken_from_freelist: 71.
num_chunk_merges: 0.
num_chunk_splits: 51.
num_chunks_enlarged: 33.
num_inconsistent_stats: 0.

CodeHeap 'non-profiled nmethods': size=120000Kb used=91Kb max_used=91Kb free=119908Kb
 bounds [0x0000017af09a0000, 0x0000017af0c10000, 0x0000017af7ed0000]
CodeHeap 'profiled nmethods': size=120000Kb used=350Kb max_used=350Kb free=119650Kb
 bounds [0x0000017ae8ed0000, 0x0000017ae9140000, 0x0000017af0400000]
CodeHeap 'non-nmethods': size=5760Kb used=1243Kb max_used=1243Kb free=4516Kb
 bounds [0x0000017af0400000, 0x0000017af0670000, 0x0000017af09a0000]
 total_blobs=737 nmethods=284 adapters=364
 compilation: enabled
              stopped_count=0, restarted_count=0
 full_count=0

Compilation events (20 events):
Event: 0.164 Thread 0x0000017aff6c4c50 nmethod 270 0x0000017ae8f21110 code [0x0000017ae8f212a0, 0x0000017ae8f213d8]
Event: 0.164 Thread 0x0000017aff6c4c50  268       1       java.lang.invoke.MethodTypeForm::basicType (5 bytes)
Event: 0.164 Thread 0x0000017aff6c4c50 nmethod 268 0x0000017af09b4e90 code [0x0000017af09b5020, 0x0000017af09b50d8]
Event: 0.164 Thread 0x0000017aff6c0ee0 nmethod 244 0x0000017af09b5190 code [0x0000017af09b5340, 0x0000017af09b56b8]
Event: 0.164 Thread 0x0000017aff6c4c50  272       3       java.lang.invoke.MethodTypeForm::canonicalize (59 bytes)
Event: 0.164 Thread 0x0000017aff6c4c50 nmethod 272 0x0000017ae8f21490 code [0x0000017ae8f21660, 0x0000017ae8f21968]
Event: 0.164 Thread 0x0000017aff6c4c50  274       3       java.lang.StringBuilder::<init> (7 bytes)
Event: 0.164 Thread 0x0000017aff6c4c50 nmethod 274 0x0000017ae8f21a90 code [0x0000017ae8f21c40, 0x0000017ae8f21d88]
Event: 0.164 Thread 0x0000017aff6c4c50  273       3       java.lang.invoke.MethodType$ConcurrentWeakInternSet::add (66 bytes)
Event: 0.165 Thread 0x0000017aff6c4c50 nmethod 273 0x0000017ae8f21e10 code [0x0000017ae8f22080, 0x0000017ae8f22d28]
Event: 0.165 Thread 0x0000017aff6c4c50  278       3       jdk.internal.org.objectweb.asm.SymbolTable::addConstantMemberReference (147 bytes)
Event: 0.166 Thread 0x0000017aff6c4c50 nmethod 278 0x0000017ae8f23190 code [0x0000017ae8f23420, 0x0000017ae8f23ce8]
Event: 0.166 Thread 0x0000017aff6c4c50  280       3       jdk.internal.org.objectweb.asm.Type::getArgumentsAndReturnSizes (140 bytes)
Event: 0.167 Thread 0x0000017aff6c4c50 nmethod 280 0x0000017ae8f24210 code [0x0000017ae8f24600, 0x0000017ae8f26418]
Event: 0.167 Thread 0x0000017aff6c4c50  279       3       jdk.internal.org.objectweb.asm.SymbolTable::hash (20 bytes)
Event: 0.167 Thread 0x0000017aff6c4c50 nmethod 279 0x0000017ae8f26f90 code [0x0000017ae8f27160, 0x0000017ae8f27328]
Event: 0.183 Thread 0x0000017aff6c4c50  283       3       java.lang.invoke.MemberName::isResolved (13 bytes)
Event: 0.183 Thread 0x0000017aff6c4c50 nmethod 283 0x0000017ae8f27490 code [0x0000017ae8f27620, 0x0000017ae8f27798]
Event: 0.192 Thread 0x0000017aff6c4c50  284       1       java.lang.Class::getModule (5 bytes)
Event: 0.192 Thread 0x0000017aff6c4c50 nmethod 284 0x0000017af09b6c10 code [0x0000017af09b6da0, 0x0000017af09b6e58]

GC Heap History (0 events):
No events

Dll operation events (4 events):
Event: 0.011 Loaded shared library C:\Program Files\Java\jdk-19\bin\java.dll
Event: 0.026 Loaded shared library C:\Program Files\Java\jdk-19\bin\jsvml.dll
Event: 0.103 Loaded shared library C:\Program Files\Java\jdk-19\bin\jimage.dll
Event: 0.125 Loaded shared library C:\Program Files\Java\jdk-19\bin\awt.dll

Deoptimization events (0 events):
No events

Classes loaded (20 events):
Event: 0.191 Loading class java/beans/PropertyChangeSupport
Event: 0.191 Loading class java/beans/PropertyChangeSupport done
Event: 0.191 Loading class java/awt/Toolkit$DesktopPropertyChangeSupport done
Event: 0.191 Loading class java/beans/PropertyChangeSupport$PropertyChangeListenerMap
Event: 0.191 Loading class java/beans/ChangeListenerMap
Event: 0.191 Loading class java/beans/ChangeListenerMap done
Event: 0.191 Loading class java/beans/PropertyChangeSupport$PropertyChangeListenerMap done
Event: 0.191 Loading class java/beans/PropertyChangeListener
Event: 0.191 Loading class java/beans/PropertyChangeListener done
Event: 0.191 Loading class sun/awt/SunToolkit$ModalityListenerList
Event: 0.192 Loading class sun/awt/ModalityListener
Event: 0.192 Loading class sun/awt/ModalityListener done
Event: 0.192 Loading class sun/awt/SunToolkit$ModalityListenerList done
Event: 0.192 Loading class sun/awt/util/PerformanceLogger
Event: 0.192 Loading class sun/awt/util/PerformanceLogger done
Event: 0.192 Loading class sun/awt/util/PerformanceLogger$TimeData
Event: 0.192 Loading class sun/awt/util/PerformanceLogger$TimeData done
Event: 0.192 Loading class sun/awt/windows/WToolkit$ToolkitDisposer
Event: 0.192 Loading class sun/java2d/DisposerRecord
Event: 0.192 Loading class sun/java2d/DisposerRecord done

Classes unloaded (0 events):
No events

Classes redefined (0 events):
No events

Internal exceptions (3 events):
Event: 0.113 Thread 0x0000017ae0f6e220 Exception <a 'java/lang/ClassNotFoundException'{0x000000009164b888}: sun/awt/resources/spi/awtProvider> (0x000000009164b888) 
thrown [s\open\src\hotspot\share\classfile\systemDictionary.cpp, line 255]
Event: 0.138 Thread 0x0000017ae0f6e220 Exception <a 'java/io/FileNotFoundException'{0x000000009151b158}> (0x000000009151b158) 
thrown [s\open\src\hotspot\share\prims\jni.cpp, line 517]
Event: 0.145 Thread 0x0000017ae0f6e220 Exception <a 'java/io/FileNotFoundException'{0x0000000091547688}> (0x0000000091547688) 
thrown [s\open\src\hotspot\share\prims\jni.cpp, line 517]

VM Operations (0 events):
No events

Events (12 events):
Event: 0.026 Thread 0x0000017ae0f6e220 Thread added: 0x0000017ae0f6e220
Event: 0.043 Thread 0x0000017aff68c5b0 Thread added: 0x0000017aff68c5b0
Event: 0.043 Thread 0x0000017aff68edc0 Thread added: 0x0000017aff68edc0
Event: 0.043 Thread 0x0000017aff693d50 Thread added: 0x0000017aff693d50
Event: 0.044 Thread 0x0000017aff6b52b0 Thread added: 0x0000017aff6b52b0
Event: 0.044 Thread 0x0000017aff6b6810 Thread added: 0x0000017aff6b6810
Event: 0.044 Thread 0x0000017aff6b6d50 Thread added: 0x0000017aff6b6d50
Event: 0.044 Thread 0x0000017aff6c0ee0 Thread added: 0x0000017aff6c0ee0
Event: 0.045 Thread 0x0000017aff6c4c50 Thread added: 0x0000017aff6c4c50
Event: 0.045 Thread 0x0000017aff6cf470 Thread added: 0x0000017aff6cf470
Event: 0.068 Thread 0x0000017aff8f5ad0 Thread added: 0x0000017aff8f5ad0
Event: 0.075 Thread 0x0000017aff8fd4d0 Thread added: 0x0000017aff8fd4d0


Dynamic libraries:
0x00007ff6758a0000 - 0x00007ff6758b0000 	C:\Program Files\Java\jdk-19\bin\javaw.exe
0x00007ff935090000 - 0x00007ff9352a7000 	C:\WINDOWS\SYSTEM32\ntdll.dll
0x00007ff933ea0000 - 0x00007ff933f64000 	C:\WINDOWS\System32\KERNEL32.DLL
0x00007ff9329e0000 - 0x00007ff932d8d000 	C:\WINDOWS\System32\KERNELBASE.dll
0x00007ff9327d0000 - 0x00007ff9328e1000 	C:\WINDOWS\System32\ucrtbase.dll
0x00007ff8c7f60000 - 0x00007ff8c7f78000 	C:\Program Files\Java\jdk-19\bin\jli.dll
0x00007ff8c7f80000 - 0x00007ff8c7f9b000 	C:\Program Files\Java\jdk-19\bin\VCRUNTIME140.dll
0x00007ff9338a0000 - 0x00007ff933952000 	C:\WINDOWS\System32\ADVAPI32.dll
0x00007ff933de0000 - 0x00007ff933e87000 	C:\WINDOWS\System32\msvcrt.dll
0x00007ff933970000 - 0x00007ff933a19000 	C:\WINDOWS\System32\sechost.dll
0x00007ff9323b0000 - 0x00007ff9323d8000 	C:\WINDOWS\System32\bcrypt.dll
0x00007ff933cc0000 - 0x00007ff933dd4000 	C:\WINDOWS\System32\RPCRT4.dll
0x00007ff933f70000 - 0x00007ff93411e000 	C:\WINDOWS\System32\USER32.dll
0x00007ff932d90000 - 0x00007ff932db6000 	C:\WINDOWS\System32\win32u.dll
0x00007ff933870000 - 0x00007ff933899000 	C:\WINDOWS\System32\GDI32.dll
0x00007ff9196d0000 - 0x00007ff919963000 	C:\WINDOWS\WinSxS\amd64_microsoft.windows.common-controls_6595b64144ccf1df_6.0.22621.3672_none_2713b9d173822955\COMCTL32.dll
0x00007ff932610000 - 0x00007ff932729000 	C:\WINDOWS\System32\gdi32full.dll
0x00007ff932730000 - 0x00007ff9327ca000 	C:\WINDOWS\System32\msvcp_win.dll
0x00007ff929bd0000 - 0x00007ff929bda000 	C:\WINDOWS\SYSTEM32\VERSION.dll
0x00007ff934250000 - 0x00007ff934281000 	C:\WINDOWS\System32\IMM32.DLL
0x00007ff8f01f0000 - 0x00007ff8f01fc000 	C:\Program Files\Java\jdk-19\bin\vcruntime140_1.dll
0x00007ff8c7ed0000 - 0x00007ff8c7f5e000 	C:\Program Files\Java\jdk-19\bin\msvcp140.dll
0x00007ff8c3d20000 - 0x00007ff8c49e0000 	C:\Program Files\Java\jdk-19\bin\server\jvm.dll
0x00007ff911750000 - 0x00007ff911759000 	C:\WINDOWS\SYSTEM32\WSOCK32.dll
0x00007ff9292f0000 - 0x00007ff929324000 	C:\WINDOWS\SYSTEM32\WINMM.dll
0x00007ff934c40000 - 0x00007ff934cb1000 	C:\WINDOWS\System32\WS2_32.dll
0x00007ff931400000 - 0x00007ff931418000 	C:\WINDOWS\SYSTEM32\kernel.appcore.dll
0x00007ff8dfb80000 - 0x00007ff8dfb8a000 	C:\Program Files\Java\jdk-19\bin\jimage.dll
0x00007ff9284d0000 - 0x00007ff928702000 	C:\WINDOWS\SYSTEM32\DBGHELP.DLL
0x00007ff934cc0000 - 0x00007ff93504e000 	C:\WINDOWS\System32\combase.dll
0x00007ff932ec0000 - 0x00007ff932f97000 	C:\WINDOWS\System32\OLEAUT32.dll
0x00007ff91bc70000 - 0x00007ff91bca2000 	C:\WINDOWS\SYSTEM32\dbgcore.DLL
0x00007ff9328f0000 - 0x00007ff93296b000 	C:\WINDOWS\System32\bcryptPrimitives.dll
0x00007ff8c7ea0000 - 0x00007ff8c7ec6000 	C:\Program Files\Java\jdk-19\bin\java.dll
0x00007ff8c7dc0000 - 0x00007ff8c7e97000 	C:\Program Files\Java\jdk-19\bin\jsvml.dll
0x00007ff932fa0000 - 0x00007ff933807000 	C:\WINDOWS\System32\SHELL32.dll
0x00007ff9302e0000 - 0x00007ff930bdf000 	C:\WINDOWS\SYSTEM32\windows.storage.dll
0x00007ff9301a0000 - 0x00007ff9302df000 	C:\WINDOWS\SYSTEM32\wintypes.dll
0x00007ff934710000 - 0x00007ff934809000 	C:\WINDOWS\System32\SHCORE.dll
0x00007ff933c60000 - 0x00007ff933cbe000 	C:\WINDOWS\System32\shlwapi.dll
0x00007ff9322e0000 - 0x00007ff932307000 	C:\WINDOWS\SYSTEM32\profapi.dll
0x00007ff8c7c20000 - 0x00007ff8c7db1000 	C:\Program Files\Java\jdk-19\bin\awt.dll
0x00007ff92c7a0000 - 0x00007ff92c837000 	C:\WINDOWS\SYSTEM32\apphelp.dll
0x00007ff92fb10000 - 0x00007ff92fb3b000 	C:\WINDOWS\system32\DWMAPI.DLL
0x00007ff92f850000 - 0x00007ff92f901000 	C:\WINDOWS\system32\uxtheme.dll
0x00007ff8c7b20000 - 0x00007ff8c7c20000 	C:\WINDOWS\system32\opengl32.dll
0x00007ff8c77e0000 - 0x00007ff8c780d000 	C:\WINDOWS\SYSTEM32\GLU32.dll
0x00007ff92f9a0000 - 0x00007ff92f9d7000 	C:\WINDOWS\SYSTEM32\dxcore.dll

dbghelp: loaded successfully - version: 4.0.5 - missing functions: none
symbol engine: initialized successfully - sym options: 0x614 - pdb path: .;C:\Program Files\Java\jdk-19\bin;C:\WINDOWS\SYSTEM32;C:\WINDOWS\WinSxS\amd64_microsoft.windows.common-controls_6595b64144ccf1df_6.0.22621.3672_none_2713b9d173822955;C:\Program Files\Java\jdk-19\bin\server

VM Arguments:
jvm_args: -Dfile.encoding=UTF-8 -XX:+ShowCodeDetailsInExceptionMessages 
java_command: icons.project
java_class_path (initial): C:\Users\Nishant\A1auto\University Managment\bin
Launcher Type: SUN_STANDARD

[Global flags]
     intx CICompilerCount                          = 4                                         {product} {ergonomic}
     uint ConcGCThreads                            = 3                                         {product} {ergonomic}
     uint G1ConcRefinementThreads                  = 10                                        {product} {ergonomic}
   size_t G1HeapRegionSize                         = 1048576                                   {product} {ergonomic}
    uintx GCDrainStackTargetSize                   = 64                                        {product} {ergonomic}
   size_t InitialHeapSize                          = 123731968                                 {product} {ergonomic}
   size_t MarkStackSize                            = 4194304                                   {product} {ergonomic}
   size_t MaxHeapSize                              = 1977614336                                {product} {ergonomic}
   size_t MaxNewSize                               = 1185939456                                {product} {ergonomic}
   size_t MinHeapDeltaBytes                        = 1048576                                   {product} {ergonomic}
   size_t MinHeapSize                              = 8388608                                   {product} {ergonomic}
    uintx NonNMethodCodeHeapSize                   = 5839372                                {pd product} {ergonomic}
    uintx NonProfiledCodeHeapSize                  = 122909434                              {pd product} {ergonomic}
    uintx ProfiledCodeHeapSize                     = 122909434                              {pd product} {ergonomic}
    uintx ReservedCodeCacheSize                    = 251658240                              {pd product} {ergonomic}
     bool SegmentedCodeCache                       = true                                      {product} {ergonomic}
     bool ShowCodeDetailsInExceptionMessages       = true                                   {manageable} {command line}
   size_t SoftMaxHeapSize                          = 1977614336                             {manageable} {ergonomic}
     bool UseCompressedClassPointers               = true                           {product lp64_product} {ergonomic}
     bool UseCompressedOops                        = true                           {product lp64_product} {ergonomic}
     bool UseG1GC                                  = true                                      {product} {ergonomic}
     bool UseLargePagesIndividualAllocation        = false                                  {pd product} {ergonomic}

Logging:
Log output configuration:
 #0: stdout all=warning uptime,level,tags foldmultilines=false
 #1: stderr all=off uptime,level,tags foldmultilines=false

Environment Variables:
JAVA_HOME=C:\Program Files\Java\jdk-19
PATH=C:/Program Files/jdk-17.0.8/bin/server;C:/Program Files/jdk-17.0.8/bin;C:\Program Files\MinGW\bin;C:\SQL\WINDOWS.X64_213000_db_home\bin;C:\Program Files\jdk-17.0.8\bin;C:\Program Files\Python38\Scripts\;C:\Program Files\Python38\;C:\Program Files\Common Files\Oracle\Java\javapath;C:\oracle\product\10.2.0\db_1\bin;C:\WINDOWS\system32;C:\WINDOWS;C:\WINDOWS\System32\Wbem;C:\WINDOWS\System32\WindowsPowerShell\v1.0\;C:\WINDOWS\System32\OpenSSH\;C:\ProgramData\chocolatey\bin;C:\Program Files\dotnet\;C:\Program Files\apache-maven-3.9.4\bin;C:\Program Files\Git\cmd;C:\Program Files\nodejs\;C:\Program Files\MySQL\MySQL Shell 8.0\bin\;C:\Users\Nishant\AppData\Local\Microsoft\WindowsApps;C:\Program Files\Azure Data Studio\bin;C:\Users\Nishant\AppData\Local\Programs\Microsoft VS Code\bin;C:\Program Files\MySQL\MySQL Server 8.0\bin;C:\Program Files\JetBrains\PyCharm Edu 2022.2.2\bin;;C:\Users\Nishant\AppData\Local\Programs\Python\Python311;C:\Users\Nishant\AppData\Local\Programs\Python\Python311\Scripts;C:\Users\Nishant\AppData\Roaming\npm;C:\Program Files\JetBrains\IntelliJ IDEA Community Edition 2022.2.2\bin;;C:\Users\Nishant\OneDrive\Desktop;
USERNAME=Nishant
OS=Windows_NT
PROCESSOR_IDENTIFIER=AMD64 Family 23 Model 104 Stepping 1, AuthenticAMD
TMP=C:\Users\Nishant\AppData\Local\Temp
TEMP=C:\Users\Nishant\AppData\Local\Temp



---------------  S Y S T E M  ---------------

OS:
 Windows 11 , 64 bit Build 22621 (10.0.22621.3958)
OS uptime: 0 days 4:33 hours
Hyper-V role detected

CPU: total 12 (initial active 12) (12 cores per cpu, 2 threads per core) family 23 model 104 stepping 1 microcode 0x0, cx8, cmov, fxsr, ht, mmx, 3dnowpref, sse, sse2, sse3, ssse3, sse4a, sse4.1, sse4.2, popcnt, lzcnt, tsc, tscinvbit, avx, avx2, aes, clmul, bmi1, bmi2, adx, sha, fma, vzeroupper, clflush, clflushopt, hv, rdtscp, rdpid

Memory: 4k page, system-wide physical 7541M (620M free)
TotalPageFile size 31093M (AvailPageFile size 2M)
current process WorkingSet (physical memory assigned to process): 39M, peak: 39M
current process commit charge ("private bytes"): 209M, peak: 209M

vm_info: Java HotSpot(TM) 64-Bit Server VM (19.0.2+7-44) for windows-amd64 JRE (19.0.2+7-44), built on 2022-11-30T18:02:09Z by "mach5one" with MS VC++ 17.1 (VS2022)

END.
